<?xml version="1.0" encoding="UTF-8"?>
<testsuite xmlns:xsi="http://www.w3.org/2001/XMLSchema-instance" xsi:noNamespaceSchemaLocation="https://maven.apache.org/surefire/maven-surefire-plugin/xsd/surefire-test-report-3.0.xsd" version="3.0" name="ApiTests" time="367.274" tests="1" errors="0" skipped="0" failures="0">
  <properties>
[...]
</properties>
  <testcase name="goWebTours" classname="ApiTests" time="349.763">
    <system-out><![CDATA[<html>
  <head>
    <title>Web Tours</title>
  </head>
  <frameset rows="65,*" border="1" bordercolor="#E0E7F1">
    <frame frameborder="1" noresize="noresize" scrolling="no" name="header" src="header.html" marginheight="2" marginwidth="2"/>
    <frame frameborder="1" noresize="noresize" scrolling="auto" name="body" src="/cgi-bin/welcome.pl?signOff=true" marginheight="2" marginwidth="2"/>
  </frameset>
</html>
<!DOCTYPE html PUBLIC "-//W3C//DTD XHTML 1.0 Transitional//EN" "http://www.w3.org/TR/xhtml1/DTD/xhtml1-transitional.dtd">
<html xmlns="http://www.w3.org/1999/xhtml" lang="en-US" xml:lang="en-US"> 
 <head> 
  <title>Web Tours Navigation Bar</title> 
  <meta http-equiv="Content-Type" content="text/html; charset=iso-8859-1"> 
 </head> 
 <body bgcolor="#E0E7F1"> 
  <style>
blockquote {font-family: tahoma; font-size : 10pt}
H1 {font-family: tahoma; font-size : 22pt; color: #993333}
H3 {font-family: tahoma; font-size : 10pt; color: black}
small {font-family: tahoma; font-size : 8pt}
</style> 
  <form method="post" action="/cgi-bin/login.pl" target="body"> 
   <input type="hidden" name="userSession" value="0AA"> 
   <table border="0">
    <tbody>
     <tr>
      <td>&nbsp;</td> 
      <td>&nbsp;</td>
     </tr> 
     <tr>
      <td>&nbsp;</td> 
      <td>&nbsp;</td>
     </tr> 
     <tr>
      <td>&nbsp;</td> 
      <td><small>&nbsp;Username</small></td>
     </tr> 
     <tr>
      <td>&nbsp;</td> 
      <td><input type="text" name="username" value="" size="14" maxlength="14"></td>
     </tr> 
     <tr>
      <td>&nbsp;</td> 
      <td><small>&nbsp;Password</small></td> 
     </tr>
     <tr>
      <td>&nbsp;</td> 
      <td><input type="password" name="password" value="" size="14" maxlength="14"></td>
     </tr> 
     <tr>
      <td>&nbsp;</td> 
      <td>&nbsp;</td>
     </tr> 
     <tr>
      <td>&nbsp;</td> 
      <td><input type="image" name="login" value="Login" alt="Login" border="1" src="/WebTours/images/mer_login.gif"></td>
     </tr> 
     <tr>
      <td>&nbsp;</td>
      <td>&nbsp;</td>
     </tr> 
    </tbody>
   </table>
   <input type="hidden" name="JSFormSubmit" value="off"> 
  </form>  
 </body>
</html>
Session ID: 0AA
]]></system-out>
    <system-err><![CDATA[SLF4J: Failed to load class "org.slf4j.impl.StaticLoggerBinder".
SLF4J: Defaulting to no-operation (NOP) logger implementation
SLF4J: See http://www.slf4j.org/codes.html#StaticLoggerBinder for further details.
]]></system-err>
  </testcase>
</testsuite>