<?xml version="1.0" encoding="UTF-8"?>
<testng-results ignored="0" total="1" passed="1" failed="0" skipped="0">
  <reporter-output>
  </reporter-output>
  <suite started-at="2020-10-19T21:57:50Z" name="Surefire suite" finished-at="2020-10-19T22:03:42Z" duration-ms="352653">
    <groups>
    </groups>
    <test started-at="2020-10-19T21:57:50Z" name="Surefire test" finished-at="2020-10-19T22:03:42Z" duration-ms="352653">
      <class name="ApiTests">
        <test-method signature="goWebTours()[pri:0, instance:ApiTests@aa5455e]" started-at="2020-10-19T21:57:50Z" name="goWebTours" finished-at="2020-10-19T22:03:39Z" duration-ms="349288" status="PASS">
          <reporter-output>
          </reporter-output>
        </test-method> <!-- goWebTours -->
      </class> <!-- ApiTests -->
    </test> <!-- Surefire test -->
  </suite> <!-- Surefire suite -->
</testng-results>
